SF:lib\core\services\http_service.dart
DA:8,0
DA:11,0
DA:12,0
DA:13,0
DA:14,0
DA:20,0
DA:21,0
DA:22,0
DA:23,0
DA:28,0
DA:29,0
DA:30,0
DA:31,0
DA:32,0
DA:33,0
DA:34,0
DA:35,0
DA:39,0
DA:44,0
DA:45,0
DA:46,0
DA:47,0
DA:48,0
DA:49,0
DA:50,0
DA:51,0
DA:53,0
DA:56,0
DA:57,0
DA:58,0
DA:64,0
DA:65,0
DA:66,0
DA:67,0
DA:68,0
DA:69,0
DA:70,0
DA:71,0
DA:73,0
DA:76,0
DA:77,0
DA:78,0
DA:84,0
DA:85,0
DA:86,0
DA:87,0
DA:88,0
DA:89,0
DA:90,0
DA:91,0
DA:95,0
DA:96,0
DA:97,0
LF:53
LH:0
end_of_record
SF:lib\core\services\EventoSaludService.dart
DA:14,1
DA:15,1
DA:19,1
DA:20,1
DA:21,1
DA:24,4
DA:25,0
DA:26,0
DA:27,0
DA:33,1
DA:36,1
DA:41,1
DA:42,2
DA:43,1
DA:46,0
DA:48,0
DA:57,0
DA:65,1
DA:67,1
DA:68,1
DA:71,0
DA:72,0
DA:76,1
DA:78,1
DA:79,1
DA:80,1
DA:81,0
DA:87,1
DA:89,0
DA:93,0
DA:95,0
DA:96,0
DA:99,0
DA:101,0
DA:102,0
DA:106,0
DA:111,0
DA:113,0
DA:114,0
DA:117,0
DA:120,0
DA:127,1
DA:129,1
DA:132,1
DA:139,0
DA:141,0
DA:144,0
DA:149,0
DA:153,0
DA:156,0
DA:158,0
DA:159,0
DA:160,0
DA:163,0
DA:164,0
DA:165,0
DA:166,0
DA:167,0
DA:168,0
DA:173,0
DA:176,0
DA:182,0
DA:184,0
DA:185,0
DA:187,0
DA:188,0
DA:189,0
DA:192,0
DA:193,0
DA:194,0
DA:195,0
DA:196,0
DA:197,0
DA:202,0
DA:205,0
DA:211,0
DA:213,0
DA:214,0
DA:216,0
DA:218,0
DA:220,0
DA:223,0
DA:230,1
DA:233,2
DA:235,2
DA:236,3
DA:238,1
DA:239,0
DA:240,0
DA:241,0
DA:242,0
DA:243,0
DA:244,0
DA:246,1
DA:249,1
DA:251,0
DA:254,0
DA:259,0
DA:261,0
DA:262,0
DA:264,0
DA:265,0
DA:268,0
DA:269,0
DA:270,0
DA:271,0
DA:272,0
DA:273,0
DA:277,0
DA:278,0
DA:280,0
DA:283,0
DA:289,1
DA:291,1
DA:292,1
DA:294,2
DA:296,0
LF:117
LH:33
end_of_record
SF:lib\core\services\storage_service.dart
DA:6,0
DA:10,0
DA:12,0
DA:14,0
DA:19,0
DA:21,0
DA:23,0
DA:28,0
DA:30,0
DA:32,0
DA:37,0
DA:39,0
DA:41,0
DA:46,0
DA:48,0
DA:50,0
DA:54,0
DA:59,0
DA:61,0
DA:63,0
LF:20
LH:0
end_of_record
